<?xml version="1.0" encoding="UTF-8"?>
<!-- Generated by org.testng.reporters.JUnitReportReporter -->
<testsuite skipped="0" hostname="G1C2ML14206" name="maven_testing_framework.framework.Main" tests="1" failures="0" timestamp="10 Sep 2018 04:08:52 GMT" time="19.646" errors="0">
  <testcase name="mainControll" time="19.646" classname="maven_testing_framework.framework.Main"/>
</testsuite> <!-- maven_testing_framework.framework.Main -->
